Arguments: 
  /usr/local/Cellar/node@8/8.12.0/bin/node /usr/local/bin/yarn link

PATH: 
  /usr/local/bin:/usr/bin:/bin:/usr/sbin:/sbin:/usr/local/go/bin:/usr/local/MacGPG2/bin:/Users/mac/Documents/golang/golib/bin

Yarn version: 
  1.13.0

Node version: 
  8.12.0

Platform: 
  darwin x64

Trace: 
  Error: ENOENT: no such file or directory, symlink '../../../../Users/mac/.config/yarn/link/notes-cli/bin/index.js' -> '/usr/local/bin/@mac/create-notes'

npm manifest: 
  {
    "name": "notes-cli",
    "version": "1.0.0",
    "main": "index.js",
    "license": "MIT",
    "dependencies": {
      "commander": "^3.0.0"
    },
    "bin": {
      "@mac/create-notes": "bin/index.js",
      "create-notes": "bin/index.js"
    },
    "scripts": {
      "notes-cli": "node bin/index.js"
    }
  }

yarn manifest: 
  No manifest

Lockfile: 
  # THIS IS AN AUTOGENERATED FILE. DO NOT EDIT THIS FILE DIRECTLY.
  # yarn lockfile v1
  
  
  commander@^3.0.0:
    version "3.0.0"
    resolved "https://registry.yarnpkg.com/commander/-/commander-3.0.0.tgz#0641ea00838c7a964627f04cddc336a2deddd60a"
    integrity sha512-pl3QrGOBa9RZaslQiqnnKX2J068wcQw7j9AIaBQ9/JEp5RY6je4jKTImg0Bd+rpoONSe7GUFSgkxLeo17m3Pow==
